<?xml version="1.0" encoding="UTF-8"?>
<!-- Generated by org.testng.reporters.JUnitXMLReporter -->
<testsuite hostname="abc-PC" name="ChangePassword" tests="4" failures="0" timestamp="21 Nov 2017 10:51:35 GMT" time="61.038" errors="0">
  <testcase name="loginWithValidCredentials" time="30.041" classname="tests.ChangePasswordTest"/>
  <testcase name="verifyValidationMsg" time="3.194" classname="tests.ChangePasswordTest"/>
  <testcase name="changePassword" time="8.209" classname="tests.ChangePasswordTest"/>
  <testcase name="verifyChangePassword" time="9.251" classname="tests.ChangePasswordTest"/>
</testsuite> <!-- ChangePassword -->
