<?xml version="1.0" encoding="UTF-8"?>
<!-- Generated by org.testng.reporters.JUnitXMLReporter -->
<testsuite hostname="abc-PC" name="SignUp" tests="3" failures="0" timestamp="21 Nov 2017 12:25:50 GMT" time="69.402" errors="0">
  <testcase name="verifyMandatoryFieldsTest" time="0.972" classname="tests.SignUpTest"/>
  <testcase name="signupWithValidDeatils" time="55.832" classname="tests.SignUpTest"/>
  <testcase name="signupWithExistingAccount" time="2.359" classname="tests.SignUpTest"/>
</testsuite> <!-- SignUp -->
