<?xml version="1.0" encoding="UTF-8"?>
<!-- Generated by org.testng.reporters.JUnitXMLReporter -->
<testsuite hostname="abc-PC" name="UploadingAssets" tests="4" failures="0" timestamp="21 Nov 2017 10:05:21 GMT" time="544.533" errors="0">
  <testcase name="uploadAssetsActivityFeeds" time="175.833" classname="tests.UploadingAssetsTest"/>
  <testcase name="uploadAssetsEditActiveProject" time="147.751" classname="tests.UploadingAssetsTest"/>
  <testcase name="uploadAssetsWhileCreatingProject" time="89.959" classname="tests.UploadingAssetsTest"/>
  <testcase name="uploadAssetsByActiveFeedLnk" time="119.818" classname="tests.UploadingAssetsTest"/>
</testsuite> <!-- UploadingAssets -->
