<?xml version="1.0" encoding="UTF-8"?>
<testng-results skipped="0" failed="0" total="2" passed="2">
  <reporter-output>
  </reporter-output>
  <suite name="Mediaferry_RegressionSuite" duration-ms="28340" started-at="2017-10-24T11:44:46Z" finished-at="2017-10-24T11:45:15Z">
    <groups>
    </groups>
    <test name="Login" duration-ms="28340" started-at="2017-10-24T11:44:46Z" finished-at="2017-10-24T11:45:15Z">
      <class name="tests.LoginTest">
        <test-method status="PASS" signature="start()[pri:0, instance:tests.LoginTest@6d4b1c02]" name="start" is-config="true" duration-ms="13258" started-at="2017-10-24T17:14:46Z" finished-at="2017-10-24T17:15:00Z">
          <reporter-output>
          </reporter-output>
        </test-method> <!-- start -->
        <test-method status="PASS" signature="loginWithValidUserDetails()[pri:0, instance:tests.LoginTest@6d4b1c02]" name="loginWithValidUserDetails" duration-ms="12568" started-at="2017-10-24T17:15:00Z" finished-at="2017-10-24T17:15:12Z">
          <reporter-output>
          </reporter-output>
        </test-method> <!-- loginWithValidUserDetails -->
        <test-method status="PASS" signature="loginWithInvalidUserDeatils()[pri:0, instance:tests.LoginTest@6d4b1c02]" name="loginWithInvalidUserDeatils" duration-ms="1902" started-at="2017-10-24T17:15:12Z" finished-at="2017-10-24T17:15:14Z">
          <reporter-output>
          </reporter-output>
        </test-method> <!-- loginWithInvalidUserDeatils -->
        <test-method status="PASS" signature="tearDown()[pri:0, instance:tests.LoginTest@6d4b1c02]" name="tearDown" is-config="true" duration-ms="599" started-at="2017-10-24T17:15:14Z" finished-at="2017-10-24T17:15:15Z">
          <reporter-output>
          </reporter-output>
        </test-method> <!-- tearDown -->
      </class> <!-- tests.LoginTest -->
    </test> <!-- Login -->
  </suite> <!-- Mediaferry_RegressionSuite -->
</testng-results>
