<?xml version="1.0" encoding="UTF-8"?>
<testsuite name="ChangePassword"
           tests="4"
           failures="0"
           errors="0"
           skipped="0"
           time="52.128">
  <properties />
  
  
            <testcase name="verifyValidationMsg" time="2.275" classname="tests.ChangePasswordTest" />
                <testcase name="changePassword" time="7.018" classname="tests.ChangePasswordTest" />
                <testcase name="verifyChangePassword" time="9.939" classname="tests.ChangePasswordTest" />
                <testcase name="loginWithValidCredentials" time="32.896" classname="tests.ChangePasswordTest" />
      
</testsuite>
