<?xml version="1.0" encoding="UTF-8"?>
<testsuite name="ChangePassword"
           tests="4"
           failures="0"
           errors="0"
           skipped="0"
           time="53.737">
  <properties />
  
  
            <testcase name="verifyValidationMsg" time="3.237" classname="tests.ChangePasswordTest" />
                <testcase name="changePassword" time="6.423" classname="tests.ChangePasswordTest" />
                <testcase name="verifyChangePassword" time="9.402" classname="tests.ChangePasswordTest" />
                <testcase name="loginWithValidCredentials" time="34.675" classname="tests.ChangePasswordTest" />
      
</testsuite>
